<?xml version="1.0" encoding="UTF-8"?>
<testsuite xmlns:xsi="http://www.w3.org/2001/XMLSchema-instance" xsi:noNamespaceSchemaLocation="https://maven.apache.org/surefire/maven-surefire-plugin/xsd/surefire-test-report.xsd" name="ru.netology.manager.GameManagerTest" time="0.053" tests="5" errors="0" skipped="0" failures="0">
  <properties>
[...]
</properties>
  <testcase name="register" classname="ru.netology.manager.GameManagerTest" time="0.027"/>
  <testcase name="roundReturnsException" classname="ru.netology.manager.GameManagerTest" time="0.004"/>
  <testcase name="roundReturns0" classname="ru.netology.manager.GameManagerTest" time="0.004"/>
  <testcase name="roundReturns1" classname="ru.netology.manager.GameManagerTest" time="0.005"/>
  <testcase name="roundReturns2" classname="ru.netology.manager.GameManagerTest" time="0.001"/>
</testsuite>